<?xml version="1.0" encoding="UTF-8"?>
<!-- Generated by org.testng.reporters.JUnitXMLReporter -->
<testsuite hostname="Anonymus" ignored="1" name="Smoke" tests="2" failures="0" timestamp="20 Sep 2017 05:26:40 GMT" time="157.058" errors="0">
  <testcase name="testLoginLogout" time="55.954" classname="com.application.tests.InvoiceTest"/>
  <testcase name="testDiscount" time="72.804" classname="com.application.tests.InvoiceDiscountTest"/>
  <testcase name="@BeforeSuite suitePreCondition" time="0.0" classname="com.application.tests.BaseClass">
    <ignored/>
  </testcase> <!-- @BeforeSuite suitePreCondition -->
</testsuite> <!-- Smoke -->
